<?xml version="1.0" encoding="UTF-8"?>
<!-- Generated by org.testng.reporters.JUnitReportReporter -->
<testsuite hostname="MAA-5CG05164XL" failures="0" tests="1" name="testscripts.updateAddressTest" time="11.883" errors="0" timestamp="03 Mar 2024 11:43:40 GMT" skipped="0">
  <testcase classname="testscripts.updateAddressTest" name="updateAddress" time="11.883"/>
</testsuite> <!-- testscripts.updateAddressTest -->
