<?xml version="1.0" encoding="UTF-8"?>
<!-- Generated by org.testng.reporters.JUnitReportReporter -->
<testsuite hostname="MAA-5CG05164XL" failures="0" tests="1" name="demo.Advancereports" time="12.012" errors="0" timestamp="02 Mar 2024 10:18:30 GMT" skipped="0">
  <testcase classname="demo.Advancereports" name="loginTest" time="12.012"/>
</testsuite> <!-- demo.Advancereports -->
