<?xml version="1.0" encoding="UTF-8"?>
<!-- Generated by org.testng.reporters.JUnitReportReporter -->
<testsuite hostname="MAA-5CG05164XL" failures="0" tests="1" name="demotest.workbooktest" time="0.910" errors="0" timestamp="18 Feb 2024 11:49:22 GMT" skipped="0">
  <testcase classname="demotest.workbooktest" name="fetchData" time="0.910"/>
</testsuite> <!-- demotest.workbooktest -->
